#
# There is insufficient memory for the Java Runtime Environment to continue.
# Native memory allocation (mmap) failed to map 27262976 bytes for Failed to commit area from 0x0000000087e00000 to 0x0000000089800000 of length 27262976.
# Possible reasons:
#   The system is out of physical RAM or swap space
#   The process is running with CompressedOops enabled, and the Java Heap may be blocking the growth of the native heap
# Possible solutions:
#   Reduce memory load on the system
#   Increase physical memory or swap space
#   Check if swap backing store is full
#   Decrease Java heap size (-Xmx/-Xms)
#   Decrease number of Java threads
#   Decrease Java thread stack sizes (-Xss)
#   Set larger code cache with -XX:ReservedCodeCacheSize=
#   JVM is running with Unscaled Compressed Oops mode in which the Java heap is
#     placed in the first 4GB address space. The Java Heap base address is the
#     maximum limit for the native heap growth. Please use -XX:HeapBaseMinAddress
#     to set the Java Heap base and to place the Java Heap above 4GB virtual address.
# This output file may be truncated or incomplete.
#
#  Out of Memory Error (./src/hotspot/os/windows/os_windows.cpp:3619), pid=16368, tid=7536
#
# JRE version: OpenJDK Runtime Environment (11.0.13) (build 11.0.13+0-b1751.21-8125866)
# Java VM: OpenJDK 64-Bit Server VM (11.0.13+0-b1751.21-8125866, mixed mode, tiered, compressed oops, g1 gc, windows-amd64)
# No core dump will be written. Minidumps are not enabled by default on client versions of Windows
#

---------------  S U M M A R Y ------------

Command Line: --add-opens=java.base/java.util=ALL-UNNAMED --add-opens=java.base/java.lang=ALL-UNNAMED --add-opens=java.base/java.lang.invoke=ALL-UNNAMED --add-opens=java.base/java.util=ALL-UNNAMED --add-opens=java.prefs/java.util.prefs=ALL-UNNAMED --add-opens=java.prefs/java.util.prefs=ALL-UNNAMED --add-opens=java.base/java.nio.charset=ALL-UNNAMED --add-opens=java.base/java.net=ALL-UNNAMED --add-opens=java.base/java.util.concurrent.atomic=ALL-UNNAMED -Xmx2048m -Dfile.encoding=UTF-8 -Duser.country=US -Duser.language=en -Duser.variant org.gradle.launcher.daemon.bootstrap.GradleDaemon 7.4

Host: Intel(R) Core(TM) i5-3437U CPU @ 1.90GHz, 4 cores, 7G,  Windows 10 , 64 bit Build 19041 (10.0.19041.1889)
Time: Mon Nov  7 20:55:13 2022 Egypt Standard Time elapsed time: 36.137305 seconds (0d 0h 0m 36s)

---------------  T H R E A D  ---------------

Current thread (0x000001497b12c800):  VMThread "VM Thread" [stack: 0x00000026eb300000,0x00000026eb400000] [id=7536]

Stack: [0x00000026eb300000,0x00000026eb400000]
[error occurred during error reporting (printing stack bounds), id 0xc0000005, EXCEPTION_ACCESS_VIOLATION (0xc0000005) at pc=0x000001490000112d]

Native frames: (J=compiled Java code, j=interpreted, Vv=VM code, C=native code)
V  [jvm.dll+0x6100fa]
V  [jvm.dll+0x747090]
V  [jvm.dll+0x7486ad]
V  [jvm.dll+0x748ce5]
V  [jvm.dll+0x748c9b]
V  [jvm.dll+0x60f224]
V  [jvm.dll+0x60f9b8]
C  [ntdll.dll+0xa241f]
C  [ntdll.dll+0x514a4]
C  [ntdll.dll+0xa0f4e]
C  0x000001490000112d

VM_Operation (0x00000026ec7f1880): G1CollectForAllocation, mode: safepoint, requested by thread 0x000001497c7c1800


---------------  P R O C E S S  ---------------

Threads class SMR info:
_java_thread_list=0x000001490f515190, length=78, elements={
0x000001496e57c000, 0x000001497b130000, 0x000001497b131800, 0x000001497b14b000,
0x000001497b14d000, 0x000001497b150000, 0x000001497b155000, 0x000001497b157800,
0x000001497b15c800, 0x000001497bc13800, 0x000001497d931800, 0x000001497d323800,
0x000001497db8b800, 0x000001497cad7800, 0x000001497ce3d800, 0x000001497c584000,
0x000001497c7c1800, 0x000001497c7c3000, 0x000001497c7c3800, 0x000001497c7be000,
0x000001497c608800, 0x000001497c60b000, 0x000001497c609000, 0x000001497c60a000,
0x000001497c60b800, 0x000001497c60c800, 0x000001497c607000, 0x000001497c60d800,
0x000001497c607800, 0x000001497e07f800, 0x000001497e07e000, 0x000001497e07d000,
0x000001497e07e800, 0x000001497e080800, 0x000001497e07b800, 0x000001490fb88800,
0x000001490fb86800, 0x000001490fb84800, 0x000001490fb89800, 0x000001490fb8b000,
0x000001490fb85800, 0x000001490fb8a800, 0x000001490fb8d000, 0x000001490fb8c000,
0x000001490fb87000, 0x000001490fb8d800, 0x000001490fb88000, 0x000001490fb91000,
0x000001490fb93800, 0x000001490fb91800, 0x000001490fb90000, 0x000001490fb92800,
0x000001490fb8f000, 0x000001490fb8e800, 0x000001497c97b800, 0x000001497c97b000,
0x000001497c97d800, 0x000001497c97a000, 0x000001497c97e000, 0x000001497c979000,
0x000001497c97f000, 0x000001497c97f800, 0x000001497c980800, 0x000001497c981800,
0x000001497c97c800, 0x000001497c986800, 0x000001497c982000, 0x000001497c983000,
0x000001497c985800, 0x000001497c987000, 0x000001497c988000, 0x000001497c984000,
0x000001497c984800, 0x000001497e147000, 0x000001497e145800, 0x000001497e143000,
0x000001497e144000, 0x000001497e141800
}

Java Threads: ( => current thread )
  0x000001496e57c000 JavaThread "main" [_thread_blocked, id=15904, stack(0x00000026eac00000,0x00000026ead00000)]
  0x000001497b130000 JavaThread "Reference Handler" daemon [_thread_blocked, id=15220, stack(0x00000026eb400000,0x00000026eb500000)]
  0x000001497b131800 JavaThread "Finalizer" daemon [_thread_blocked, id=14692, stack(0x00000026eb500000,0x00000026eb600000)]
  0x000001497b14b000 JavaThread "Signal Dispatcher" daemon [_thread_blocked, id=6700, stack(0x00000026eb600000,0x00000026eb700000)]
  0x000001497b14d000 JavaThread "Attach Listener" daemon [_thread_blocked, id=5828, stack(0x00000026eb700000,0x00000026eb800000)]
  0x000001497b150000 JavaThread "Service Thread" daemon [_thread_blocked, id=13752, stack(0x00000026eb800000,0x00000026eb900000)]
  0x000001497b155000 JavaThread "C2 CompilerThread0" daemon [_thread_blocked, id=14656, stack(0x00000026eb900000,0x00000026eba00000)]
  0x000001497b157800 JavaThread "C1 CompilerThread0" daemon [_thread_blocked, id=2988, stack(0x00000026eba00000,0x00000026ebb00000)]
  0x000001497b15c800 JavaThread "Sweeper thread" daemon [_thread_blocked, id=15392, stack(0x00000026ebb00000,0x00000026ebc00000)]
  0x000001497bc13800 JavaThread "Common-Cleaner" daemon [_thread_blocked, id=8868, stack(0x00000026ebc00000,0x00000026ebd00000)]
  0x000001497d931800 JavaThread "Daemon health stats" [_thread_blocked, id=7992, stack(0x00000026ec000000,0x00000026ec100000)]
  0x000001497d323800 JavaThread "Incoming local TCP Connector on port 56284" [_thread_in_native, id=15140, stack(0x00000026ec100000,0x00000026ec200000)]
  0x000001497db8b800 JavaThread "Daemon periodic checks" [_thread_blocked, id=14920, stack(0x00000026ec200000,0x00000026ec300000)]
  0x000001497cad7800 JavaThread "Daemon" [_thread_blocked, id=2892, stack(0x00000026ec300000,0x00000026ec400000)]
  0x000001497ce3d800 JavaThread "Handler for socket connection from /127.0.0.1:56284 to /127.0.0.1:56285" [_thread_in_native, id=3080, stack(0x00000026ec400000,0x00000026ec500000)]
  0x000001497c584000 JavaThread "Cancel handler" [_thread_blocked, id=2184, stack(0x00000026ec600000,0x00000026ec700000)]
  0x000001497c7c1800 JavaThread "Daemon worker" [_thread_blocked, id=10552, stack(0x00000026ec700000,0x00000026ec800000)]
  0x000001497c7c3000 JavaThread "Asynchronous log dispatcher for DefaultDaemonConnection: socket connection from /127.0.0.1:56284 to /127.0.0.1:56285" [_thread_blocked, id=16316, stack(0x00000026ec800000,0x00000026ec900000)]
  0x000001497c7c3800 JavaThread "Stdin handler" [_thread_blocked, id=5380, stack(0x00000026ec900000,0x00000026eca00000)]
  0x000001497c7be000 JavaThread "Daemon client event forwarder" [_thread_blocked, id=4460, stack(0x00000026eca00000,0x00000026ecb00000)]
  0x000001497c608800 JavaThread "Cache worker for journal cache (C:\Users\ayagamal\.gradle\caches\journal-1)" [_thread_blocked, id=9528, stack(0x00000026ecb00000,0x00000026ecc00000)]
  0x000001497c60b000 JavaThread "File lock request listener" [_thread_in_native, id=14412, stack(0x00000026ecc00000,0x00000026ecd00000)]
  0x000001497c609000 JavaThread "Cache worker for file hash cache (C:\Users\ayagamal\.gradle\caches\7.4\fileHashes)" [_thread_blocked, id=15040, stack(0x00000026ecd00000,0x00000026ece00000)]
  0x000001497c60a000 JavaThread "File watcher server" daemon [_thread_in_native, id=2896, stack(0x00000026ece00000,0x00000026ecf00000)]
  0x000001497c60b800 JavaThread "File watcher consumer" daemon [_thread_blocked, id=15396, stack(0x00000026ecf00000,0x00000026ed000000)]
  0x000001497c60c800 JavaThread "jar transforms" [_thread_blocked, id=5812, stack(0x00000026ed000000,0x00000026ed100000)]
  0x000001497c607000 JavaThread "jar transforms Thread 2" [_thread_blocked, id=15664, stack(0x00000026ed100000,0x00000026ed200000)]
  0x000001497c60d800 JavaThread "jar transforms Thread 3" [_thread_blocked, id=11340, stack(0x00000026ed200000,0x00000026ed300000)]
  0x000001497c607800 JavaThread "jar transforms Thread 4" [_thread_blocked, id=13908, stack(0x00000026ed300000,0x00000026ed400000)]
  0x000001497e07f800 JavaThread "Cache worker for checksums cache (C:\Users\ayagamal\AndroidStudioProjects\NOTEapp2\.gradle\7.4\checksums)" [_thread_blocked, id=15896, stack(0x00000026ed400000,0x00000026ed500000)]
  0x000001497e07e000 JavaThread "Cache worker for cache directory md-rule (C:\Users\ayagamal\.gradle\caches\7.4\md-rule)" [_thread_blocked, id=15344, stack(0x00000026ed500000,0x00000026ed600000)]
  0x000001497e07d000 JavaThread "Cache worker for file hash cache (C:\Users\ayagamal\AndroidStudioProjects\NOTEapp2\.gradle\7.4\fileHashes)" [_thread_blocked, id=14972, stack(0x00000026ed600000,0x00000026ed700000)]
  0x000001497e07e800 JavaThread "Cache worker for cache directory md-supplier (C:\Users\ayagamal\.gradle\caches\7.4\md-supplier)" [_thread_blocked, id=2916, stack(0x00000026ed700000,0x00000026ed800000)]
  0x000001497e080800 JavaThread "Cache worker for execution history cache (C:\Users\ayagamal\.gradle\caches\7.4\executionHistory)" [_thread_blocked, id=440, stack(0x00000026ed800000,0x00000026ed900000)]
  0x000001497e07b800 JavaThread "Cache worker for file content cache (C:\Users\ayagamal\.gradle\caches\7.4\fileContent)" [_thread_blocked, id=16172, stack(0x00000026ed900000,0x00000026eda00000)]
  0x000001490fb88800 JavaThread "Cache worker for dependencies-accessors (C:\Users\ayagamal\AndroidStudioProjects\NOTEapp2\.gradle\7.4\dependencies-accessors)" [_thread_blocked, id=956, stack(0x00000026eda00000,0x00000026edb00000)]
  0x000001490fb86800 JavaThread "Cache worker for Build Output Cleanup Cache (C:\Users\ayagamal\AndroidStudioProjects\NOTEapp2\.gradle\buildOutputCleanup)" [_thread_blocked, id=12972, stack(0x00000026edb00000,0x00000026edc00000)]
  0x000001490fb84800 JavaThread "Unconstrained build operations" [_thread_blocked, id=14644, stack(0x00000026eaa00000,0x00000026eab00000)]
  0x000001490fb89800 JavaThread "Unconstrained build operations Thread 2" [_thread_blocked, id=15540, stack(0x00000026edc00000,0x00000026edd00000)]
  0x000001490fb8b000 JavaThread "Unconstrained build operations Thread 3" [_thread_blocked, id=10308, stack(0x00000026edd00000,0x00000026ede00000)]
  0x000001490fb85800 JavaThread "Unconstrained build operations Thread 4" [_thread_blocked, id=15136, stack(0x00000026ede00000,0x00000026edf00000)]
  0x000001490fb8a800 JavaThread "Unconstrained build operations Thread 5" [_thread_blocked, id=11288, stack(0x00000026edf00000,0x00000026ee000000)]
  0x000001490fb8d000 JavaThread "Unconstrained build operations Thread 6" [_thread_blocked, id=10784, stack(0x00000026ee000000,0x00000026ee100000)]
  0x000001490fb8c000 JavaThread "Unconstrained build operations Thread 7" [_thread_blocked, id=15944, stack(0x00000026ee100000,0x00000026ee200000)]
  0x000001490fb87000 JavaThread "Unconstrained build operations Thread 8" [_thread_blocked, id=15652, stack(0x00000026ee200000,0x00000026ee300000)]
  0x000001490fb8d800 JavaThread "Unconstrained build operations Thread 9" [_thread_blocked, id=7572, stack(0x00000026ee300000,0x00000026ee400000)]
  0x000001490fb88000 JavaThread "Unconstrained build operations Thread 10" [_thread_blocked, id=12132, stack(0x00000026ee400000,0x00000026ee500000)]
  0x000001490fb91000 JavaThread "Unconstrained build operations Thread 11" [_thread_blocked, id=5028, stack(0x00000026ee500000,0x00000026ee600000)]
  0x000001490fb93800 JavaThread "Unconstrained build operations Thread 12" [_thread_blocked, id=15908, stack(0x00000026ee600000,0x00000026ee700000)]
  0x000001490fb91800 JavaThread "Unconstrained build operations Thread 13" [_thread_blocked, id=3924, stack(0x00000026ee700000,0x00000026ee800000)]
  0x000001490fb90000 JavaThread "Unconstrained build operations Thread 14" [_thread_blocked, id=15004, stack(0x00000026ee800000,0x00000026ee900000)]
  0x000001490fb92800 JavaThread "Unconstrained build operations Thread 15" [_thread_blocked, id=12780, stack(0x00000026ee900000,0x00000026eea00000)]
  0x000001490fb8f000 JavaThread "Unconstrained build operations Thread 16" [_thread_blocked, id=6972, stack(0x00000026eea00000,0x00000026eeb00000)]
  0x000001490fb8e800 JavaThread "Unconstrained build operations Thread 17" [_thread_blocked, id=8872, stack(0x00000026eeb00000,0x00000026eec00000)]
  0x000001497c97b800 JavaThread "Unconstrained build operations Thread 18" [_thread_blocked, id=5816, stack(0x00000026eec00000,0x00000026eed00000)]
  0x000001497c97b000 JavaThread "Unconstrained build operations Thread 19" [_thread_blocked, id=5216, stack(0x00000026eed00000,0x00000026eee00000)]
  0x000001497c97d800 JavaThread "Unconstrained build operations Thread 20" [_thread_blocked, id=1856, stack(0x00000026eee00000,0x00000026eef00000)]
  0x000001497c97a000 JavaThread "Unconstrained build operations Thread 21" [_thread_blocked, id=8644, stack(0x00000026eef00000,0x00000026ef000000)]
  0x000001497c97e000 JavaThread "Unconstrained build operations Thread 22" [_thread_blocked, id=15980, stack(0x00000026ef000000,0x00000026ef100000)]
  0x000001497c979000 JavaThread "Unconstrained build operations Thread 23" [_thread_blocked, id=15916, stack(0x00000026ef100000,0x00000026ef200000)]
  0x000001497c97f000 JavaThread "Unconstrained build operations Thread 24" [_thread_blocked, id=9268, stack(0x00000026ef200000,0x00000026ef300000)]
  0x000001497c97f800 JavaThread "Unconstrained build operations Thread 25" [_thread_blocked, id=14408, stack(0x00000026ef300000,0x00000026ef400000)]
  0x000001497c980800 JavaThread "Unconstrained build operations Thread 26" [_thread_blocked, id=12912, stack(0x00000026ef400000,0x00000026ef500000)]
  0x000001497c981800 JavaThread "Unconstrained build operations Thread 27" [_thread_blocked, id=4884, stack(0x00000026ef500000,0x00000026ef600000)]
  0x000001497c97c800 JavaThread "Unconstrained build operations Thread 28" [_thread_blocked, id=15920, stack(0x00000026ef600000,0x00000026ef700000)]
  0x000001497c986800 JavaThread "Unconstrained build operations Thread 29" [_thread_blocked, id=10876, stack(0x00000026ef700000,0x00000026ef800000)]
  0x000001497c982000 JavaThread "Unconstrained build operations Thread 30" [_thread_blocked, id=8308, stack(0x00000026ef800000,0x00000026ef900000)]
  0x000001497c983000 JavaThread "Unconstrained build operations Thread 31" [_thread_blocked, id=5200, stack(0x00000026ef900000,0x00000026efa00000)]
  0x000001497c985800 JavaThread "Unconstrained build operations Thread 32" [_thread_blocked, id=15560, stack(0x00000026efa00000,0x00000026efb00000)]
  0x000001497c987000 JavaThread "Unconstrained build operations Thread 33" [_thread_blocked, id=15504, stack(0x00000026efb00000,0x00000026efc00000)]
  0x000001497c988000 JavaThread "Unconstrained build operations Thread 34" [_thread_blocked, id=13188, stack(0x00000026efc00000,0x00000026efd00000)]
  0x000001497c984000 JavaThread "Unconstrained build operations Thread 35" [_thread_blocked, id=13548, stack(0x00000026efd00000,0x00000026efe00000)]
  0x000001497c984800 JavaThread "Unconstrained build operations Thread 36" [_thread_blocked, id=16340, stack(0x00000026efe00000,0x00000026eff00000)]
  0x000001497e147000 JavaThread "Unconstrained build operations Thread 37" [_thread_blocked, id=2776, stack(0x00000026eff00000,0x00000026f0000000)]
  0x000001497e145800 JavaThread "Unconstrained build operations Thread 38" [_thread_blocked, id=15524, stack(0x00000026f0000000,0x00000026f0100000)]
  0x000001497e143000 JavaThread "Unconstrained build operations Thread 39" [_thread_blocked, id=9708, stack(0x00000026f0100000,0x00000026f0200000)]
  0x000001497e144000 JavaThread "Unconstrained build operations Thread 40" [_thread_blocked, id=4648, stack(0x00000026f0200000,0x00000026f0300000)]
  0x000001497e141800 JavaThread "Memory manager" [_thread_blocked, id=2856, stack(0x00000026f0300000,0x00000026f0400000)]

Other Threads:
=>0x000001497b12c800 VMThread "VM Thread" [stack: 0x00000026eb300000,0x00000026eb400000] [id=7536]
  0x000001497bc4a000 WatcherThread [stack: 0x00000026ebd00000,0x00000026ebe00000] [id=16196]
  0x000001496e5d4800 GCTaskThread "GC Thread#0" [stack: 0x00000026eae00000,0x00000026eaf00000] [id=15092]
  0x000001497be87000 GCTaskThread "GC Thread#1" [stack: 0x00000026ebe00000,0x00000026ebf00000] [id=6324]
  0x000001497bd98800 GCTaskThread "GC Thread#2" [stack: 0x00000026ebf00000,0x00000026ec000000] [id=880]
  0x000001497bfe3000 GCTaskThread "GC Thread#3" [stack: 0x00000026ec500000,0x00000026ec600000] [id=15436]
  0x000001496e603800 ConcurrentGCThread "G1 Main Marker" [stack: 0x00000026eaf00000,0x00000026eb000000] [id=11324]
  0x000001496e607000 ConcurrentGCThread "G1 Conc#0" [stack: 0x00000026eb000000,0x00000026eb100000] [id=6552]
  0x000001496e695000 ConcurrentGCThread "G1 Refine#0" [stack: 0x00000026eb100000,0x00000026eb200000] [id=9052]
  0x000001496e696000 ConcurrentGCThread "G1 Young RemSet Sampling" [stack: 0x00000026eb200000,0x00000026eb300000] [id=14468]

Threads with active compile tasks:
C2 CompilerThread0  36170 6410       4       java.util.TreeMap::put (247 bytes)

VM state:at safepoint (normal execution)

VM Mutex/Monitor currently owned by a thread:  ([mutex/lock_event])
[0x000001496e5bcb50] Threads_lock - owner thread: 0x000001497b12c800
[0x000001496e5be140] Heap_lock - owner thread: 0x000001497c7c1800

Heap address: 0x0000000080000000, size: 2048 MB, Compressed Oops mode: 32-bit
Narrow klass base: 0x0000000000000000, Narrow klass shift: 3
Compressed class space size: 1073741824 Address: 0x0000000100000000

Heap:
 garbage-first heap   total 155648K, used 99074K [0x0000000080000000, 0x0000000100000000)
  region size 1024K, 2 young (2048K), 2 survivors (2048K)
 Metaspace       used 62510K, capacity 64378K, committed 64560K, reserved 1105920K
  class space    used 7891K, capacity 8520K, committed 8576K, reserved 1048576K
Heap Regions: E=young(eden), S=young(survivor), O=old, HS=humongous(starts), HC=humongous(continues), CS=collection set, F=free, A=archive, TAMS=top-at-mark-start (previous, next)
|   0|0x0000000080000000, 0x0000000080100000, 0x0000000080100000|100%|HS|  |TAMS 0x0000000080100000, 0x0000000080000000| Complete 
|   1|0x0000000080100000, 0x0000000080200000, 0x0000000080200000|100%|HC|  |TAMS 0x0000000080200000, 0x0000000080100000| Complete 
|   2|0x0000000080200000, 0x0000000080300000, 0x0000000080300000|100%|HC|  |TAMS 0x0000000080300000, 0x0000000080200000| Complete 
|   3|0x0000000080300000, 0x0000000080400000, 0x0000000080400000|100%| O|  |TAMS 0x0000000080400000, 0x0000000080300000| Untracked 
|   4|0x0000000080400000, 0x0000000080500000, 0x0000000080500000|100%| O|  |TAMS 0x0000000080500000, 0x0000000080400000| Untracked 
|   5|0x0000000080500000, 0x0000000080600000, 0x0000000080600000|100%| O|  |TAMS 0x0000000080600000, 0x0000000080500000| Untracked 
|   6|0x0000000080600000, 0x0000000080700000, 0x0000000080700000|100%| O|  |TAMS 0x0000000080700000, 0x0000000080600000| Untracked 
|   7|0x0000000080700000, 0x0000000080800000, 0x0000000080800000|100%| O|  |TAMS 0x0000000080800000, 0x0000000080700000| Untracked 
|   8|0x0000000080800000, 0x0000000080900000, 0x0000000080900000|100%| O|  |TAMS 0x0000000080900000, 0x0000000080800000| Untracked 
|   9|0x0000000080900000, 0x0000000080a00000, 0x0000000080a00000|100%| O|  |TAMS 0x0000000080a00000, 0x0000000080900000| Untracked 
|  10|0x0000000080a00000, 0x0000000080b00000, 0x0000000080b00000|100%| O|  |TAMS 0x0000000080b00000, 0x0000000080a00000| Untracked 
|  11|0x0000000080b00000, 0x0000000080c00000, 0x0000000080c00000|100%| O|  |TAMS 0x0000000080c00000, 0x0000000080b00000| Untracked 
|  12|0x0000000080c00000, 0x0000000080d00000, 0x0000000080d00000|100%| O|  |TAMS 0x0000000080d00000, 0x0000000080c00000| Untracked 
|  13|0x0000000080d00000, 0x0000000080e00000, 0x0000000080e00000|100%| O|  |TAMS 0x0000000080e00000, 0x0000000080d00000| Untracked 
|  14|0x0000000080e00000, 0x0000000080f00000, 0x0000000080f00000|100%| O|  |TAMS 0x0000000080f00000, 0x0000000080e00000| Untracked 
|  15|0x0000000080f00000, 0x0000000081000000, 0x0000000081000000|100%| O|  |TAMS 0x0000000081000000, 0x0000000080f00000| Untracked 
|  16|0x0000000081000000, 0x0000000081100000, 0x0000000081100000|100%|HS|  |TAMS 0x0000000081100000, 0x0000000081000000| Complete 
|  17|0x0000000081100000, 0x0000000081200000, 0x0000000081200000|100%|HC|  |TAMS 0x0000000081200000, 0x0000000081100000| Complete 
|  18|0x0000000081200000, 0x0000000081300000, 0x0000000081300000|100%|HS|  |TAMS 0x0000000081300000, 0x0000000081200000| Complete 
|  19|0x0000000081300000, 0x0000000081400000, 0x0000000081400000|100%|HC|  |TAMS 0x0000000081400000, 0x0000000081300000| Complete 
|  20|0x0000000081400000, 0x0000000081500000, 0x0000000081500000|100%|HC|  |TAMS 0x0000000081500000, 0x0000000081400000| Complete 
|  21|0x0000000081500000, 0x0000000081600000, 0x0000000081600000|100%|HS|  |TAMS 0x0000000081600000, 0x0000000081500000| Complete 
|  22|0x0000000081600000, 0x0000000081700000, 0x0000000081700000|100%|HC|  |TAMS 0x0000000081700000, 0x0000000081600000| Complete 
|  23|0x0000000081700000, 0x0000000081800000, 0x0000000081800000|100%|HC|  |TAMS 0x0000000081800000, 0x0000000081700000| Complete 
|  24|0x0000000081800000, 0x0000000081900000, 0x0000000081900000|100%|HS|  |TAMS 0x0000000081900000, 0x0000000081800000| Complete 
|  25|0x0000000081900000, 0x0000000081a00000, 0x0000000081a00000|100%|HC|  |TAMS 0x0000000081a00000, 0x0000000081900000| Complete 
|  26|0x0000000081a00000, 0x0000000081b00000, 0x0000000081b00000|100%|HC|  |TAMS 0x0000000081b00000, 0x0000000081a00000| Complete 
|  27|0x0000000081b00000, 0x0000000081c00000, 0x0000000081c00000|100%|HC|  |TAMS 0x0000000081c00000, 0x0000000081b00000| Complete 
|  28|0x0000000081c00000, 0x0000000081d00000, 0x0000000081d00000|100%|HC|  |TAMS 0x0000000081d00000, 0x0000000081c00000| Complete 
|  29|0x0000000081d00000, 0x0000000081e00000, 0x0000000081e00000|100%|HS|  |TAMS 0x0000000081e00000, 0x0000000081d00000| Complete 
|  30|0x0000000081e00000, 0x0000000081f00000, 0x0000000081f00000|100%|HS|  |TAMS 0x0000000081f00000, 0x0000000081e00000| Complete 
|  31|0x0000000081f00000, 0x0000000082000000, 0x0000000082000000|100%|HC|  |TAMS 0x0000000082000000, 0x0000000081f00000| Complete 
|  32|0x0000000082000000, 0x0000000082100000, 0x0000000082100000|100%|HC|  |TAMS 0x0000000082100000, 0x0000000082000000| Complete 
|  33|0x0000000082100000, 0x0000000082200000, 0x0000000082200000|100%|HC|  |TAMS 0x0000000082200000, 0x0000000082100000| Complete 
|  34|0x0000000082200000, 0x0000000082300000, 0x0000000082300000|100%| O|  |TAMS 0x0000000082300000, 0x0000000082200000| Untracked 
|  35|0x0000000082300000, 0x0000000082400000, 0x0000000082400000|100%| O|  |TAMS 0x0000000082400000, 0x0000000082300000| Untracked 
|  36|0x0000000082400000, 0x0000000082500000, 0x0000000082500000|100%| O|  |TAMS 0x0000000082500000, 0x0000000082400000| Untracked 
|  37|0x0000000082500000, 0x0000000082600000, 0x0000000082600000|100%| O|  |TAMS 0x0000000082600000, 0x0000000082500000| Untracked 
|  38|0x0000000082600000, 0x0000000082700000, 0x0000000082700000|100%| O|  |TAMS 0x0000000082700000, 0x0000000082600000| Untracked 
|  39|0x0000000082700000, 0x0000000082800000, 0x0000000082800000|100%| O|  |TAMS 0x0000000082800000, 0x0000000082700000| Untracked 
|  40|0x0000000082800000, 0x0000000082900000, 0x0000000082900000|100%| O|  |TAMS 0x0000000082900000, 0x0000000082800000| Untracked 
|  41|0x0000000082900000, 0x0000000082a00000, 0x0000000082a00000|100%| O|  |TAMS 0x0000000082a00000, 0x0000000082900000| Untracked 
|  42|0x0000000082a00000, 0x0000000082b00000, 0x0000000082b00000|100%| O|  |TAMS 0x0000000082b00000, 0x0000000082a00000| Untracked 
|  43|0x0000000082b00000, 0x0000000082c00000, 0x0000000082c00000|100%|HS|  |TAMS 0x0000000082c00000, 0x0000000082b00000| Complete 
|  44|0x0000000082c00000, 0x0000000082d00000, 0x0000000082d00000|100%|HC|  |TAMS 0x0000000082d00000, 0x0000000082c00000| Complete 
|  45|0x0000000082d00000, 0x0000000082e00000, 0x0000000082e00000|100%|HC|  |TAMS 0x0000000082e00000, 0x0000000082d00000| Complete 
|  46|0x0000000082e00000, 0x0000000082f00000, 0x0000000082f00000|100%| O|  |TAMS 0x0000000082f00000, 0x0000000082e00000| Untracked 
|  47|0x0000000082f00000, 0x0000000083000000, 0x0000000083000000|100%| O|  |TAMS 0x0000000083000000, 0x0000000082f00000| Untracked 
|  48|0x0000000083000000, 0x0000000083100000, 0x0000000083100000|100%| O|  |TAMS 0x0000000083100000, 0x0000000083000000| Untracked 
|  49|0x0000000083100000, 0x0000000083200000, 0x0000000083200000|100%| O|  |TAMS 0x0000000083200000, 0x0000000083100000| Untracked 
|  50|0x0000000083200000, 0x0000000083300000, 0x0000000083300000|100%| O|  |TAMS 0x0000000083300000, 0x0000000083200000| Untracked 
|  51|0x0000000083300000, 0x0000000083400000, 0x0000000083400000|100%| O|  |TAMS 0x0000000083400000, 0x0000000083300000| Untracked 
|  52|0x0000000083400000, 0x0000000083500000, 0x0000000083500000|100%|HS|  |TAMS 0x0000000083500000, 0x0000000083400000| Complete 
|  53|0x0000000083500000, 0x0000000083600000, 0x0000000083600000|100%|HC|  |TAMS 0x0000000083600000, 0x0000000083500000| Complete 
|  54|0x0000000083600000, 0x0000000083700000, 0x0000000083700000|100%|HC|  |TAMS 0x0000000083700000, 0x0000000083600000| Complete 
|  55|0x0000000083700000, 0x0000000083800000, 0x0000000083800000|100%|HC|  |TAMS 0x0000000083800000, 0x0000000083700000| Complete 
|  56|0x0000000083800000, 0x0000000083900000, 0x0000000083900000|100%|HS|  |TAMS 0x0000000083900000, 0x0000000083800000| Complete 
|  57|0x0000000083900000, 0x0000000083a00000, 0x0000000083a00000|100%|HC|  |TAMS 0x0000000083a00000, 0x0000000083900000| Complete 
|  58|0x0000000083a00000, 0x0000000083b00000, 0x0000000083b00000|100%|HS|  |TAMS 0x0000000083b00000, 0x0000000083a00000| Complete 
|  59|0x0000000083b00000, 0x0000000083c00000, 0x0000000083c00000|100%|HC|  |TAMS 0x0000000083c00000, 0x0000000083b00000| Complete 
|  60|0x0000000083c00000, 0x0000000083d00000, 0x0000000083d00000|100%|HC|  |TAMS 0x0000000083d00000, 0x0000000083c00000| Complete 
|  61|0x0000000083d00000, 0x0000000083e00000, 0x0000000083e00000|100%| O|  |TAMS 0x0000000083e00000, 0x0000000083d00000| Untracked 
|  62|0x0000000083e00000, 0x0000000083f00000, 0x0000000083f00000|100%| O|  |TAMS 0x0000000083f00000, 0x0000000083e00000| Untracked 
|  63|0x0000000083f00000, 0x0000000084000000, 0x0000000084000000|100%| O|  |TAMS 0x0000000084000000, 0x0000000083f00000| Untracked 
|  64|0x0000000084000000, 0x0000000084100000, 0x0000000084100000|100%| O|  |TAMS 0x0000000084100000, 0x0000000084000000| Untracked 
|  65|0x0000000084100000, 0x0000000084200000, 0x0000000084200000|100%| O|  |TAMS 0x0000000084200000, 0x0000000084100000| Untracked 
|  66|0x0000000084200000, 0x0000000084300000, 0x0000000084300000|100%| O|  |TAMS 0x0000000084300000, 0x0000000084200000| Untracked 
|  67|0x0000000084300000, 0x0000000084400000, 0x0000000084400000|100%|HS|  |TAMS 0x0000000084400000, 0x0000000084300000| Complete 
|  68|0x0000000084400000, 0x0000000084500000, 0x0000000084500000|100%|HC|  |TAMS 0x0000000084500000, 0x0000000084400000| Complete 
|  69|0x0000000084500000, 0x0000000084600000, 0x0000000084600000|100%|HC|  |TAMS 0x0000000084600000, 0x0000000084500000| Complete 
|  70|0x0000000084600000, 0x0000000084700000, 0x0000000084700000|100%|HC|  |TAMS 0x0000000084700000, 0x0000000084600000| Complete 
|  71|0x0000000084700000, 0x0000000084800000, 0x0000000084800000|100%|HC|  |TAMS 0x0000000084800000, 0x0000000084700000| Complete 
|  72|0x0000000084800000, 0x0000000084900000, 0x0000000084900000|100%| O|  |TAMS 0x0000000084900000, 0x0000000084800000| Untracked 
|  73|0x0000000084900000, 0x0000000084a00000, 0x0000000084a00000|100%| O|  |TAMS 0x0000000084a00000, 0x0000000084900000| Untracked 
|  74|0x0000000084a00000, 0x0000000084b00000, 0x0000000084b00000|100%| O|  |TAMS 0x0000000084b00000, 0x0000000084a00000| Untracked 
|  75|0x0000000084b00000, 0x0000000084c00000, 0x0000000084c00000|100%| O|  |TAMS 0x0000000084c00000, 0x0000000084b00000| Untracked 
|  76|0x0000000084c00000, 0x0000000084d00000, 0x0000000084d00000|100%| O|  |TAMS 0x0000000084d00000, 0x0000000084c00000| Untracked 
|  77|0x0000000084d00000, 0x0000000084e00000, 0x0000000084e00000|100%| O|  |TAMS 0x0000000084e00000, 0x0000000084d00000| Untracked 
|  78|0x0000000084e00000, 0x0000000084f00000, 0x0000000084f00000|100%| O|  |TAMS 0x0000000084f00000, 0x0000000084e00000| Untracked 
|  79|0x0000000084f00000, 0x0000000085000000, 0x0000000085000000|100%|HS|  |TAMS 0x0000000085000000, 0x0000000084f00000| Complete 
|  80|0x0000000085000000, 0x0000000085100000, 0x0000000085100000|100%|HS|  |TAMS 0x0000000085100000, 0x0000000085000000| Complete 
|  81|0x0000000085100000, 0x0000000085200000, 0x0000000085200000|100%|HS|  |TAMS 0x0000000085200000, 0x0000000085100000| Complete 
|  82|0x0000000085200000, 0x0000000085300000, 0x0000000085300000|100%|HS|  |TAMS 0x0000000085300000, 0x0000000085200000| Complete 
|  83|0x0000000085300000, 0x0000000085400000, 0x0000000085400000|100%|HC|  |TAMS 0x0000000085400000, 0x0000000085300000| Complete 
|  84|0x0000000085400000, 0x0000000085500000, 0x0000000085500000|100%|HC|  |TAMS 0x0000000085500000, 0x0000000085400000| Complete 
|  85|0x0000000085500000, 0x0000000085600000, 0x0000000085600000|100%| O|  |TAMS 0x0000000085600000, 0x0000000085500000| Untracked 
|  86|0x0000000085600000, 0x0000000085700000, 0x0000000085700000|100%| O|  |TAMS 0x0000000085700000, 0x0000000085600000| Untracked 
|  87|0x0000000085700000, 0x0000000085800000, 0x0000000085800000|100%| O|  |TAMS 0x0000000085800000, 0x0000000085700000| Untracked 
|  88|0x0000000085800000, 0x0000000085900000, 0x0000000085900000|100%| O|  |TAMS 0x0000000085900000, 0x0000000085800000| Untracked 
|  89|0x0000000085900000, 0x0000000085a00000, 0x0000000085a00000|100%|HS|  |TAMS 0x0000000085a00000, 0x0000000085900000| Complete 
|  90|0x0000000085a00000, 0x0000000085b00000, 0x0000000085b00000|100%|HC|  |TAMS 0x0000000085b00000, 0x0000000085a00000| Complete 
|  91|0x0000000085b00000, 0x0000000085c00000, 0x0000000085c00000|100%| O|  |TAMS 0x0000000085c00000, 0x0000000085b00000| Untracked 
|  92|0x0000000085c00000, 0x0000000085d00000, 0x0000000085d00000|100%| O|  |TAMS 0x0000000085d00000, 0x0000000085c00000| Untracked 
|  93|0x0000000085d00000, 0x0000000085e00000, 0x0000000085e00000|100%| O|  |TAMS 0x0000000085e00000, 0x0000000085d00000| Untracked 
|  94|0x0000000085e00000, 0x0000000085f00000, 0x0000000085f00000|100%| O|  |TAMS 0x0000000085e83e00, 0x0000000085e00000| Untracked 
|  95|0x0000000085f00000, 0x0000000085f3f600, 0x0000000086000000| 24%| O|  |TAMS 0x0000000085f00000, 0x0000000085f00000| Untracked 
|  96|0x0000000086000000, 0x0000000086000000, 0x0000000086100000|  0%| F|  |TAMS 0x0000000086000000, 0x0000000086000000| Untracked 
|  97|0x0000000086100000, 0x0000000086100000, 0x0000000086200000|  0%| F|  |TAMS 0x0000000086100000, 0x0000000086100000| Untracked 
|  98|0x0000000086200000, 0x0000000086200000, 0x0000000086300000|  0%| F|  |TAMS 0x0000000086200000, 0x0000000086200000| Untracked 
|  99|0x0000000086300000, 0x0000000086300000, 0x0000000086400000|  0%| F|  |TAMS 0x0000000086300000, 0x0000000086300000| Untracked 
| 100|0x0000000086400000, 0x0000000086400000, 0x0000000086500000|  0%| F|  |TAMS 0x0000000086400000, 0x0000000086400000| Untracked 
| 101|0x0000000086500000, 0x0000000086500000, 0x0000000086600000|  0%| F|  |TAMS 0x0000000086500000, 0x0000000086500000| Untracked 
| 102|0x0000000086600000, 0x0000000086600000, 0x0000000086700000|  0%| F|  |TAMS 0x0000000086600000, 0x0000000086600000| Untracked 
| 103|0x0000000086700000, 0x0000000086700000, 0x0000000086800000|  0%| F|  |TAMS 0x0000000086700000, 0x0000000086700000| Untracked 
| 104|0x0000000086800000, 0x0000000086800000, 0x0000000086900000|  0%| F|  |TAMS 0x0000000086800000, 0x0000000086800000| Untracked 
| 105|0x0000000086900000, 0x0000000086900000, 0x0000000086a00000|  0%| F|  |TAMS 0x0000000086900000, 0x0000000086900000| Untracked 
| 106|0x0000000086a00000, 0x0000000086a00000, 0x0000000086b00000|  0%| F|  |TAMS 0x0000000086a00000, 0x0000000086a00000| Untracked 
| 107|0x0000000086b00000, 0x0000000086b00000, 0x0000000086c00000|  0%| F|  |TAMS 0x0000000086b00000, 0x0000000086b00000| Untracked 
| 108|0x0000000086c00000, 0x0000000086c00000, 0x0000000086d00000|  0%| F|  |TAMS 0x0000000086c00000, 0x0000000086c00000| Untracked 
| 109|0x0000000086d00000, 0x0000000086d00000, 0x0000000086e00000|  0%| F|  |TAMS 0x0000000086d00000, 0x0000000086d00000| Untracked 
| 110|0x0000000086e00000, 0x0000000086e00000, 0x0000000086f00000|  0%| F|  |TAMS 0x0000000086e00000, 0x0000000086e00000| Untracked 
| 111|0x0000000086f00000, 0x0000000086f812c0, 0x0000000087000000| 50%| S|CS|TAMS 0x0000000086f00000, 0x0000000086f00000| Complete 
| 112|0x0000000087000000, 0x0000000087000000, 0x0000000087100000|  0%| F|  |TAMS 0x0000000087000000, 0x0000000087000000| Untracked 
| 113|0x0000000087100000, 0x0000000087200000, 0x0000000087200000|100%| S|CS|TAMS 0x0000000087100000, 0x0000000087100000| Complete 
| 114|0x0000000087200000, 0x0000000087200000, 0x0000000087300000|  0%| F|  |TAMS 0x0000000087200000, 0x0000000087200000| Untracked 
| 115|0x0000000087300000, 0x0000000087300000, 0x0000000087400000|  0%| F|  |TAMS 0x0000000087300000, 0x0000000087300000| Untracked 
| 116|0x0000000087400000, 0x0000000087400000, 0x0000000087500000|  0%| F|  |TAMS 0x0000000087400000, 0x0000000087400000| Untracked 
| 117|0x0000000087500000, 0x0000000087500000, 0x0000000087600000|  0%| F|  |TAMS 0x0000000087500000, 0x0000000087500000| Untracked 
| 118|0x0000000087600000, 0x0000000087600000, 0x0000000087700000|  0%| F|  |TAMS 0x0000000087600000, 0x0000000087600000| Untracked 
| 119|0x0000000087700000, 0x0000000087700000, 0x0000000087800000|  0%| F|  |TAMS 0x0000000087700000, 0x0000000087700000| Untracked 
| 120|0x0000000087800000, 0x0000000087800000, 0x0000000087900000|  0%| F|  |TAMS 0x0000000087800000, 0x0000000087800000| Untracked 
| 121|0x0000000087900000, 0x0000000087900000, 0x0000000087a00000|  0%| F|  |TAMS 0x0000000087900000, 0x0000000087900000| Untracked 
| 122|0x0000000087a00000, 0x0000000087a00000, 0x0000000087b00000|  0%| F|  |TAMS 0x0000000087a00000, 0x0000000087a00000| Untracked 
| 123|0x0000000087b00000, 0x0000000087b00000, 0x0000000087c00000|  0%| F|  |TAMS 0x0000000087b00000, 0x0000000087b00000| Untracked 
| 124|0x0000000087c00000, 0x0000000087c00000, 0x0000000087d00000|  0%| F|  |TAMS 0x0000000087c00000, 0x0000000087c00000| Untracked 
| 125|0x0000000087d00000, 0x0000000087d00000, 0x0000000087e00000|  0%| F|  |TAMS 0x0000000087d00000, 0x0000000087d00000| Untracked 

Card table byte_map: [0x00000149742f0000,0x00000149746f0000] _byte_map_base: 0x0000014973ef0000

Marking Bits (Prev, Next): (CMBitMap*) 0x000001496e5facd8, (CMBitMap*) 0x000001496e5fad10
 Prev Bits: [0x0000014974af0000, 0x0000014976af0000)
 Next Bits: [0x0000014976af0000, 0x0000014978af0000)

Polling page: 0x000001496e6a0000

Metaspace:

Usage:
  Non-class:     54.55 MB capacity,    53.34 MB ( 98%) used,     1.05 MB (  2%) free+waste,   167.69 KB ( <1%) overhead. 
      Class:      8.32 MB capacity,     7.71 MB ( 93%) used,   548.58 KB (  6%) free+waste,    79.44 KB ( <1%) overhead. 
       Both:     62.87 MB capacity,    61.04 MB ( 97%) used,     1.58 MB (  3%) free+waste,   247.13 KB ( <1%) overhead. 

Virtual space:
  Non-class space:       56.00 MB reserved,      54.67 MB ( 98%) committed 
      Class space:        1.00 GB reserved,       8.38 MB ( <1%) committed 
             Both:        1.05 GB reserved,      63.05 MB (  6%) committed 

Chunk freelists:
   Non-Class:  62.00 KB
       Class:  24.00 KB
        Both:  86.00 KB

MaxMetaspaceSize: 17179869184.00 GB
CompressedClassSpaceSize: 1.00 GB
Initial GC threshold: 20.80 MB
Current GC threshold: 102.16 MB
CDS: off

CodeHeap 'non-profiled nmethods': size=120064Kb used=3330Kb max_used=3330Kb free=116734Kb
 bounds [0x0000014907ac0000, 0x0000014907e10000, 0x000001490f000000]
CodeHeap 'profiled nmethods': size=120000Kb used=13535Kb max_used=13535Kb free=106464Kb
 bounds [0x0000014900590000, 0x00000149012d0000, 0x0000014907ac0000]
CodeHeap 'non-nmethods': size=5696Kb used=2329Kb max_used=2358Kb free=3366Kb
 bounds [0x0000014900000000, 0x0000014900270000, 0x0000014900590000]
 total_blobs=7205 nmethods=6363 adapters=754
 compilation: enabled
              stopped_count=0, restarted_count=0
 full_count=0

Compilation events (20 events):
Event: 36.052 Thread 0x000001497b157800 6401       1       com.sun.management.internal.DiagnosticCommandInfo::getArgumentsInfo (5 bytes)
Event: 36.052 Thread 0x000001497b157800 nmethod 6401 0x0000014907dff910 code [0x0000014907dffac0, 0x0000014907dffb78]
Event: 36.058 Thread 0x000001497b157800 6402       3       java.util.IdentityHashMap::containsKey (55 bytes)
Event: 36.059 Thread 0x000001497b155000 nmethod 6393 0x0000014907dffc10 code [0x0000014907dffdc0, 0x0000014907e00298]
Event: 36.059 Thread 0x000001497b157800 nmethod 6402 0x00000149012c1810 code [0x00000149012c1a00, 0x00000149012c1e28]
Event: 36.059 Thread 0x000001497b157800 6403  s!   3       com.sun.jmx.mbeanserver.DefaultMXBeanMappingFactory::mappingForType (110 bytes)
Event: 36.061 Thread 0x000001497b157800 nmethod 6403 0x00000149012c2010 code [0x00000149012c2360, 0x00000149012c3698]
Event: 36.061 Thread 0x000001497b157800 6404  s    3       com.sun.jmx.mbeanserver.DefaultMXBeanMappingFactory::getMapping (27 bytes)
Event: 36.061 Thread 0x000001497b157800 nmethod 6404 0x00000149012c3e10 code [0x00000149012c4000, 0x00000149012c45f8]
Event: 36.062 Thread 0x000001497b155000 6405       4       java.util.WeakHashMap::indexFor (6 bytes)
Event: 36.063 Thread 0x000001497b155000 nmethod 6405 0x0000014907e00510 code [0x0000014907e006a0, 0x0000014907e006f8]
Event: 36.063 Thread 0x000001497b157800 6406       3       javax.management.StandardMBean::getDescription (11 bytes)
Event: 36.063 Thread 0x000001497b157800 nmethod 6406 0x00000149012c4710 code [0x00000149012c48c0, 0x00000149012c4ab8]
Event: 36.069 Thread 0x000001497b157800 6407       3       com.sun.jmx.mbeanserver.MXBeanIntrospector::originalTypeString (20 bytes)
Event: 36.070 Thread 0x000001497b157800 nmethod 6407 0x00000149012c4b90 code [0x00000149012c4d80, 0x00000149012c5198]
Event: 36.070 Thread 0x000001497b157800 6408       3       javax.management.ImmutableDescriptor::union (308 bytes)
Event: 36.072 Thread 0x000001497b155000 6410       4       java.util.TreeMap::put (247 bytes)
Event: 36.072 Thread 0x000001497b157800 nmethod 6408 0x00000149012c5290 code [0x00000149012c5600, 0x00000149012c6fe8]
Event: 36.073 Thread 0x000001497b157800 6409       3       javax.management.MBeanFeatureInfo::<init> (20 bytes)
Event: 36.073 Thread 0x000001497b157800 nmethod 6409 0x00000149012c7910 code [0x00000149012c7ac0, 0x00000149012c7d38]

GC Heap History (20 events):
Event: 32.790 GC heap after
{Heap after GC invocations=28 (full 0):
 garbage-first heap   total 129024K, used 87008K [0x0000000080000000, 0x0000000100000000)
  region size 1024K, 3 young (3072K), 3 survivors (3072K)
 Metaspace       used 51742K, capacity 53404K, committed 53680K, reserved 1095680K
  class space    used 6556K, capacity 7106K, committed 7168K, reserved 1048576K
}
Event: 33.016 GC heap before
{Heap before GC invocations=29 (full 0):
 garbage-first heap   total 129024K, used 92128K [0x0000000080000000, 0x0000000100000000)
  region size 1024K, 7 young (7168K), 3 survivors (3072K)
 Metaspace       used 51722K, capacity 53371K, committed 53680K, reserved 1095680K
  class space    used 6550K, capacity 7095K, committed 7168K, reserved 1048576K
}
Event: 33.023 GC heap after
{Heap after GC invocations=30 (full 0):
 garbage-first heap   total 129024K, used 92563K [0x0000000080000000, 0x0000000100000000)
  region size 1024K, 2 young (2048K), 2 survivors (2048K)
 Metaspace       used 51722K, capacity 53371K, committed 53680K, reserved 1095680K
  class space    used 6550K, capacity 7095K, committed 7168K, reserved 1048576K
}
Event: 33.310 GC heap before
{Heap before GC invocations=31 (full 0):
 garbage-first heap   total 129024K, used 103827K [0x0000000080000000, 0x0000000100000000)
  region size 1024K, 11 young (11264K), 2 survivors (2048K)
 Metaspace       used 52019K, capacity 53734K, committed 53936K, reserved 1095680K
  class space    used 6595K, capacity 7150K, committed 7168K, reserved 1048576K
}
Event: 33.313 GC heap after
{Heap after GC invocations=32 (full 0):
 garbage-first heap   total 129024K, used 96177K [0x0000000080000000, 0x0000000100000000)
  region size 1024K, 2 young (2048K), 2 survivors (2048K)
 Metaspace       used 52019K, capacity 53734K, committed 53936K, reserved 1095680K
  class space    used 6595K, capacity 7150K, committed 7168K, reserved 1048576K
}
Event: 33.557 GC heap before
{Heap before GC invocations=32 (full 0):
 garbage-first heap   total 129024K, used 104369K [0x0000000080000000, 0x0000000100000000)
  region size 1024K, 10 young (10240K), 2 survivors (2048K)
 Metaspace       used 53008K, capacity 54662K, committed 54832K, reserved 1097728K
  class space    used 6718K, capacity 7246K, committed 7296K, reserved 1048576K
}
Event: 33.560 GC heap after
{Heap after GC invocations=33 (full 0):
 garbage-first heap   total 129024K, used 96508K [0x0000000080000000, 0x0000000100000000)
  region size 1024K, 1 young (1024K), 1 survivors (1024K)
 Metaspace       used 53008K, capacity 54662K, committed 54832K, reserved 1097728K
  class space    used 6718K, capacity 7246K, committed 7296K, reserved 1048576K
}
Event: 33.942 GC heap before
{Heap before GC invocations=34 (full 0):
 garbage-first heap   total 129024K, used 104700K [0x0000000080000000, 0x0000000100000000)
  region size 1024K, 9 young (9216K), 1 survivors (1024K)
 Metaspace       used 53860K, capacity 55563K, committed 55728K, reserved 1097728K
  class space    used 6841K, capacity 7419K, committed 7424K, reserved 1048576K
}
Event: 33.945 GC heap after
{Heap after GC invocations=35 (full 0):
 garbage-first heap   total 129024K, used 96577K [0x0000000080000000, 0x0000000100000000)
  region size 1024K, 1 young (1024K), 1 survivors (1024K)
 Metaspace       used 53860K, capacity 55563K, committed 55728K, reserved 1097728K
  class space    used 6841K, capacity 7419K, committed 7424K, reserved 1048576K
}
Event: 34.219 GC heap before
{Heap before GC invocations=35 (full 0):
 garbage-first heap   total 129024K, used 105793K [0x0000000080000000, 0x0000000100000000)
  region size 1024K, 10 young (10240K), 1 survivors (1024K)
 Metaspace       used 54915K, capacity 56637K, committed 56880K, reserved 1099776K
  class space    used 6983K, capacity 7520K, committed 7552K, reserved 1048576K
}
Event: 34.222 GC heap after
{Heap after GC invocations=36 (full 0):
 garbage-first heap   total 129024K, used 96850K [0x0000000080000000, 0x0000000100000000)
  region size 1024K, 1 young (1024K), 1 survivors (1024K)
 Metaspace       used 54915K, capacity 56637K, committed 56880K, reserved 1099776K
  class space    used 6983K, capacity 7520K, committed 7552K, reserved 1048576K
}
Event: 34.535 GC heap before
{Heap before GC invocations=37 (full 0):
 garbage-first heap   total 129024K, used 106066K [0x0000000080000000, 0x0000000100000000)
  region size 1024K, 11 young (11264K), 1 survivors (1024K)
 Metaspace       used 56162K, capacity 57916K, committed 58160K, reserved 1099776K
  class space    used 7126K, capacity 7715K, committed 7808K, reserved 1048576K
}
Event: 34.539 GC heap after
{Heap after GC invocations=38 (full 0):
 garbage-first heap   total 129024K, used 97316K [0x0000000080000000, 0x0000000100000000)
  region size 1024K, 2 young (2048K), 2 survivors (2048K)
 Metaspace       used 56162K, capacity 57916K, committed 58160K, reserved 1099776K
  class space    used 7126K, capacity 7715K, committed 7808K, reserved 1048576K
}
Event: 34.836 GC heap before
{Heap before GC invocations=38 (full 0):
 garbage-first heap   total 129024K, used 106532K [0x0000000080000000, 0x0000000100000000)
  region size 1024K, 12 young (12288K), 2 survivors (2048K)
 Metaspace       used 57650K, capacity 59473K, committed 59568K, reserved 1101824K
  class space    used 7318K, capacity 7893K, committed 7936K, reserved 1048576K
}
Event: 34.839 GC heap after
{Heap after GC invocations=39 (full 0):
 garbage-first heap   total 129024K, used 97637K [0x0000000080000000, 0x0000000100000000)
  region size 1024K, 2 young (2048K), 2 survivors (2048K)
 Metaspace       used 57650K, capacity 59473K, committed 59568K, reserved 1101824K
  class space    used 7318K, capacity 7893K, committed 7936K, reserved 1048576K
}
Event: 35.142 GC heap before
{Heap before GC invocations=40 (full 0):
 garbage-first heap   total 129024K, used 106853K [0x0000000080000000, 0x0000000100000000)
  region size 1024K, 12 young (12288K), 2 survivors (2048K)
 Metaspace       used 59341K, capacity 61109K, committed 61360K, reserved 1101824K
  class space    used 7489K, capacity 8095K, committed 8192K, reserved 1048576K
}
Event: 35.148 GC heap after
{Heap after GC invocations=41 (full 0):
 garbage-first heap   total 129024K, used 97912K [0x0000000080000000, 0x0000000100000000)
  region size 1024K, 2 young (2048K), 2 survivors (2048K)
 Metaspace       used 59341K, capacity 61109K, committed 61360K, reserved 1101824K
  class space    used 7489K, capacity 8095K, committed 8192K, reserved 1048576K
}
Event: 35.398 GC heap before
{Heap before GC invocations=41 (full 0):
 garbage-first heap   total 129024K, used 107128K [0x0000000080000000, 0x0000000100000000)
  region size 1024K, 12 young (12288K), 2 survivors (2048K)
 Metaspace       used 60783K, capacity 62587K, committed 62768K, reserved 1103872K
  class space    used 7652K, capacity 8241K, committed 8320K, reserved 1048576K
}
Event: 35.404 GC heap after
{Heap after GC invocations=42 (full 0):
 garbage-first heap   total 129024K, used 98419K [0x0000000080000000, 0x0000000100000000)
  region size 1024K, 2 young (2048K), 2 survivors (2048K)
 Metaspace       used 60783K, capacity 62587K, committed 62768K, reserved 1103872K
  class space    used 7652K, capacity 8241K, committed 8320K, reserved 1048576K
}
Event: 36.126 GC heap before
{Heap before GC invocations=43 (full 0):
 garbage-first heap   total 129024K, used 109683K [0x0000000080000000, 0x0000000100000000)
  region size 1024K, 13 young (13312K), 2 survivors (2048K)
 Metaspace       used 62510K, capacity 64378K, committed 64560K, reserved 1105920K
  class space    used 7891K, capacity 8520K, committed 8576K, reserved 1048576K
}

Deoptimization events (20 events):
Event: 34.757 Thread 0x000001497c7c1800 DEOPT PACKING pc=0x0000014907d96104 sp=0x00000026ec7f6cd0
Event: 34.757 Thread 0x000001497c7c1800 DEOPT UNPACKING pc=0x000001490004a1af sp=0x00000026ec7f6c80 mode 2
Event: 34.757 Thread 0x000001497c7c1800 Uncommon trap: trap_request=0xffffff4d fr.pc=0x0000014907d96a08 relative=0x00000000000003e8
Event: 34.757 Thread 0x000001497c7c1800 Uncommon trap: reason=unstable_if action=reinterpret pc=0x0000014907d96a08 method=org.gradle.internal.instantiation.generator.AbstractClassGenerator$InjectionAnnotationValidator.validateMethod(Ljava/lang/reflect/Method;Lorg/gradle/internal/reflect/Propert
Event: 34.758 Thread 0x000001497c7c1800 DEOPT PACKING pc=0x0000014907d96a08 sp=0x00000026ec7f6c10
Event: 34.758 Thread 0x000001497c7c1800 DEOPT UNPACKING pc=0x000001490004a1af sp=0x00000026ec7f6bd0 mode 2
Event: 35.306 Thread 0x000001497c7c1800 Uncommon trap: trap_request=0xffffffde fr.pc=0x0000014907cd8808 relative=0x0000000000001308
Event: 35.306 Thread 0x000001497c7c1800 Uncommon trap: reason=class_check action=maybe_recompile pc=0x0000014907cd8808 method=jdk.internal.loader.BuiltinClassLoader.loadClassOrNull(Ljava/lang/String;Z)Ljava/lang/Class; @ 86 c2
Event: 35.306 Thread 0x000001497c7c1800 DEOPT PACKING pc=0x0000014907cd8808 sp=0x00000026ec7f5100
Event: 35.306 Thread 0x000001497c7c1800 DEOPT UNPACKING pc=0x000001490004a1af sp=0x00000026ec7f50c8 mode 2
Event: 35.890 Thread 0x000001497c7c1800 DEOPT PACKING pc=0x0000014900de4762 sp=0x00000026ec7f0880
Event: 35.890 Thread 0x000001497c7c1800 DEOPT UNPACKING pc=0x000001490004a95e sp=0x00000026ec7efd10 mode 0
Event: 35.984 Thread 0x000001497c7c1800 Uncommon trap: trap_request=0xffffff7e fr.pc=0x0000014907ccec40 relative=0x00000000000002c0
Event: 35.984 Thread 0x000001497c7c1800 Uncommon trap: reason=predicate action=maybe_recompile pc=0x0000014907ccec40 method=java.util.Arrays.binarySearch0([Ljava/lang/Object;IILjava/lang/Object;Ljava/util/Comparator;)I @ 25 c2
Event: 35.984 Thread 0x000001497c7c1800 DEOPT PACKING pc=0x0000014907ccec40 sp=0x00000026ec7f2850
Event: 35.984 Thread 0x000001497c7c1800 DEOPT UNPACKING pc=0x000001490004a1af sp=0x00000026ec7f27c8 mode 2
Event: 36.080 Thread 0x000001497c7c1800 Uncommon trap: trap_request=0xffffff4d fr.pc=0x0000014907d06744 relative=0x0000000000002704
Event: 36.080 Thread 0x000001497c7c1800 Uncommon trap: reason=unstable_if action=reinterpret pc=0x0000014907d06744 method=java.lang.ClassLoader.defineClassSourceLocation(Ljava/security/ProtectionDomain;)Ljava/lang/String; @ 15 c2
Event: 36.080 Thread 0x000001497c7c1800 DEOPT PACKING pc=0x0000014907d06744 sp=0x00000026ec7f1b40
Event: 36.080 Thread 0x000001497c7c1800 DEOPT UNPACKING pc=0x000001490004a1af sp=0x00000026ec7f1ac8 mode 2

Classes redefined (0 events):
No events

Internal exceptions (20 events):
Event: 33.116 Thread 0x000001497c7c1800 Exception <a 'java/lang/ClassNotFoundException'{0x0000000087cc24c0}: org/gradle/api/DefaultTaskBeanInfo> (0x0000000087cc24c0) thrown at [./src/hotspot/share/classfile/systemDictionary.cpp, line 231]
Event: 33.118 Thread 0x000001497c7c1800 Exception <a 'java/lang/ClassNotFoundException'{0x0000000087cf1f60}: org/gradle/api/internal/AbstractTaskBeanInfo> (0x0000000087cf1f60) thrown at [./src/hotspot/share/classfile/systemDictionary.cpp, line 231]
Event: 33.120 Thread 0x000001497c7c1800 Exception <a 'java/lang/ClassNotFoundException'{0x0000000087b21f18}: org/gradle/api/internal/AbstractTaskCustomizer> (0x0000000087b21f18) thrown at [./src/hotspot/share/classfile/systemDictionary.cpp, line 231]
Event: 33.127 Thread 0x000001497c7c1800 Exception <a 'java/lang/ClassNotFoundException'{0x0000000087b9c338}: org/gradle/api/DefaultTaskCustomizer> (0x0000000087b9c338) thrown at [./src/hotspot/share/classfile/systemDictionary.cpp, line 231]
Event: 33.142 Thread 0x000001497c7c1800 Exception <a 'java/lang/ClassNotFoundException'{0x0000000087a21a90}: org/gradle/api/internal/ConventionTaskCustomizer> (0x0000000087a21a90) thrown at [./src/hotspot/share/classfile/systemDictionary.cpp, line 231]
Event: 33.144 Thread 0x000001497c7c1800 Exception <a 'java/lang/ClassNotFoundException'{0x0000000087a5df60}: org/gradle/api/tasks/DeleteCustomizer> (0x0000000087a5df60) thrown at [./src/hotspot/share/classfile/systemDictionary.cpp, line 231]
Event: 33.147 Thread 0x000001497c7c1800 Exception <a 'java/lang/ClassNotFoundException'{0x0000000087aa1cb0}: org/gradle/api/tasks/Delete_DecoratedCustomizer> (0x0000000087aa1cb0) thrown at [./src/hotspot/share/classfile/systemDictionary.cpp, line 231]
Event: 33.212 Thread 0x000001497c7c1800 Exception <a 'java/lang/ClassNotFoundException'{0x00000000879e5048}: build_56oym883tlkz83hrdlmu715kjBeanInfo> (0x00000000879e5048) thrown at [./src/hotspot/share/classfile/systemDictionary.cpp, line 231]
Event: 33.213 Thread 0x000001497c7c1800 Exception <a 'java/lang/ClassNotFoundException'{0x00000000879f1148}: build_56oym883tlkz83hrdlmu715kjCustomizer> (0x00000000879f1148) thrown at [./src/hotspot/share/classfile/systemDictionary.cpp, line 231]
Event: 33.236 Thread 0x000001497c7c1800 Exception <a 'java/lang/ClassNotFoundException'{0x000000008787d510}: org/gradle/plugin/use/internal/PluginRequestCollector$PluginDependenciesSpecImplBeanInfo> (0x000000008787d510) thrown at [./src/hotspot/share/classfile/systemDictionary.cpp, line 231]
Event: 33.239 Thread 0x000001497c7c1800 Exception <a 'java/lang/ClassNotFoundException'{0x00000000878adbf0}: org/gradle/plugin/use/internal/PluginRequestCollector$PluginDependenciesSpecImplCustomizer> (0x00000000878adbf0) thrown at [./src/hotspot/share/classfile/systemDictionary.cpp, line 231]
Event: 33.247 Thread 0x000001497c7c1800 Exception <a 'java/lang/NoSuchMethodError'{0x00000000878db6a8}: 'void java.lang.invoke.DirectMethodHandle$Holder.invokeInterface(java.lang.Object, java.lang.Object)'> (0x00000000878db6a8) thrown at [./src/hotspot/share/interpreter/linkResolver.cpp, line 773]
Event: 33.801 Thread 0x000001497c7c1800 Exception <a 'java/lang/NoSuchMethodError'{0x0000000087beebb0}: 'java.lang.Object java.lang.invoke.DirectMethodHandle$Holder.invokeStatic(java.lang.Object, java.lang.Object, java.lang.Object, java.lang.Object, int)'> (0x0000000087beebb0) thrown at [./src/hotspot/share/interpreter/linkResolver.cpp, line 773]
Event: 33.801 Thread 0x000001497c7c1800 Exception <a 'java/lang/NoSuchMethodError'{0x0000000087bf3850}: 'java.lang.Object java.lang.invoke.DirectMethodHandle$Holder.invokeSpecial(java.lang.Object, java.lang.Object, java.lang.Object, java.lang.Object, java.lang.Object, int)'> (0x0000000087bf3850) thrown at [./src/hotspot/share/interpreter/linkResolver.cpp, line 773]
Event: 33.802 Thread 0x000001497c7c1800 Exception <a 'java/lang/NoSuchMethodError'{0x0000000087bf8138}: 'java.lang.Object java.lang.invoke.Invokers$Holder.linkToTargetMethod(java.lang.Object, java.lang.Object, java.lang.Object, int, java.lang.Object)'> (0x0000000087bf8138) thrown at [./src/hotspot/share/interpreter/linkResolver.cpp, line 773]
Event: 34.341 Thread 0x000001497c7c1800 Exception <a 'java/lang/NoSuchMethodError'{0x0000000087c9ce38}: 'java.lang.Object java.lang.invoke.DirectMethodHandle$Holder.invokeSpecial(java.lang.Object, java.lang.Object, int, int, java.lang.Object, java.lang.Object, java.lang.Object)'> (0x0000000087c9ce38) thrown at [./src/hotspot/share/interpreter/linkResolver.cpp, line 773]
Event: 34.342 Thread 0x000001497c7c1800 Exception <a 'java/lang/NoSuchMethodError'{0x0000000087ca1660}: 'java.lang.Object java.lang.invoke.DelegatingMethodHandle$Holder.reinvoke_L(java.lang.Object, int, int, java.lang.Object, java.lang.Object, java.lang.Object)'> (0x0000000087ca1660) thrown at [./src/hotspot/share/interpreter/linkResolver.cpp, line 773]
Event: 34.732 Thread 0x000001497c7c1800 Exception <a 'java/lang/NoSuchMethodError'{0x00000000878a7848}: 'int java.lang.invoke.DirectMethodHandle$Holder.invokeInterface(java.lang.Object, java.lang.Object, java.lang.Object, java.lang.Object)'> (0x00000000878a7848) thrown at [./src/hotspot/share/interpreter/linkResolver.cpp, line 773]
Event: 35.372 Thread 0x000001497c7c1800 Exception <a 'java/lang/NoSuchMethodError'{0x00000000875997d0}: 'void java.lang.invoke.DirectMethodHandle$Holder.invokeInterface(java.lang.Object, java.lang.Object, java.lang.Object, java.lang.Object)'> (0x00000000875997d0) thrown at [./src/hotspot/share/interpreter/linkResolver.cpp, line 773]
Event: 35.960 Thread 0x000001497c7c1800 Exception <a 'java/lang/IncompatibleClassChangeError'{0x000000008761c6b0}: Found class java.lang.Object, but interface was expected> (0x000000008761c6b0) thrown at [./src/hotspot/share/interpreter/linkResolver.cpp, line 839]

Events (20 events):
Event: 36.118 loading class org/gradle/internal/snapshot/impl/IsolatedJavaSerializedValueSnapshot done
Event: 36.119 loading class org/gradle/internal/snapshot/impl/JavaSerializedValueSnapshot
Event: 36.119 loading class org/gradle/internal/snapshot/impl/JavaSerializedValueSnapshot done
Event: 36.120 loading class org/gradle/internal/snapshot/impl/IsolatedEnumValueSnapshot
Event: 36.120 loading class org/gradle/internal/snapshot/impl/IsolatedEnumValueSnapshot done
Event: 36.121 loading class org/gradle/internal/snapshot/impl/EnumValueSnapshot
Event: 36.121 loading class org/gradle/internal/snapshot/impl/EnumValueSnapshot done
Event: 36.122 loading class org/gradle/internal/snapshot/impl/IsolatedList
Event: 36.122 loading class org/gradle/internal/snapshot/impl/IsolatedList done
Event: 36.123 loading class org/gradle/internal/snapshot/impl/AbstractListSnapshot
Event: 36.123 loading class org/gradle/internal/snapshot/impl/AbstractListSnapshot done
Event: 36.123 loading class org/gradle/internal/snapshot/impl/IsolatedSet
Event: 36.123 loading class org/gradle/internal/snapshot/impl/IsolatedSet done
Event: 36.124 loading class org/gradle/internal/snapshot/impl/AbstractSetSnapshot
Event: 36.124 loading class org/gradle/internal/snapshot/impl/AbstractSetSnapshot done
Event: 36.125 loading class org/gradle/workers/internal/DefaultActionExecutionSpecFactory
Event: 36.125 loading class org/gradle/workers/internal/DefaultActionExecutionSpecFactory done
Event: 36.126 loading class org/gradle/workers/internal/WorkSerializationException
Event: 36.126 loading class org/gradle/workers/internal/WorkSerializationException done
Event: 36.126 Executing VM operation: G1CollectForAllocation


Dynamic libraries:
0x00007ff657700000 - 0x00007ff65770a000 	C:\Program Files\Android\Android Studio\jre\bin\java.exe
0x00007ffd8d6b0000 - 0x00007ffd8d8a8000 	C:\WINDOWS\SYSTEM32\ntdll.dll
0x00007ffd8c470000 - 0x00007ffd8c52d000 	C:\WINDOWS\System32\KERNEL32.DLL
0x00007ffd8ae20000 - 0x00007ffd8b0f2000 	C:\WINDOWS\System32\KERNELBASE.dll
0x00007ffd8b610000 - 0x00007ffd8b710000 	C:\WINDOWS\System32\ucrtbase.dll
0x00007ffd73f90000 - 0x00007ffd73fa9000 	C:\Program Files\Android\Android Studio\jre\bin\jli.dll
0x00007ffd8bc40000 - 0x00007ffd8bddd000 	C:\WINDOWS\System32\USER32.dll
0x00007ffd8adc0000 - 0x00007ffd8ade2000 	C:\WINDOWS\System32\win32u.dll
0x00007ffd8bc10000 - 0x00007ffd8bc3b000 	C:\WINDOWS\System32\GDI32.dll
0x00007ffd8b300000 - 0x00007ffd8b40f000 	C:\WINDOWS\System32\gdi32full.dll
0x00007ffd8b570000 - 0x00007ffd8b60d000 	C:\WINDOWS\System32\msvcp_win.dll
0x00007ffd71960000 - 0x00007ffd71977000 	C:\Program Files\Android\Android Studio\jre\bin\VCRUNTIME140.dll
0x00007ffd78b10000 - 0x00007ffd78daa000 	C:\WINDOWS\WinSxS\amd64_microsoft.windows.common-controls_6595b64144ccf1df_6.0.19041.1110_none_60b5254171f9507e\COMCTL32.dll
0x00007ffd8bde0000 - 0x00007ffd8be7e000 	C:\WINDOWS\System32\msvcrt.dll
0x00007ffd8d040000 - 0x00007ffd8d070000 	C:\WINDOWS\System32\IMM32.DLL
0x00007ffd701a0000 - 0x00007ffd7023d000 	C:\Program Files\Android\Android Studio\jre\bin\msvcp140.dll
0x00007ffd4ce90000 - 0x00007ffd4d992000 	C:\Program Files\Android\Android Studio\jre\bin\server\jvm.dll
0x00007ffd8c610000 - 0x00007ffd8c6be000 	C:\WINDOWS\System32\ADVAPI32.dll
0x00007ffd8c3d0000 - 0x00007ffd8c46c000 	C:\WINDOWS\System32\sechost.dll
0x00007ffd8c6c0000 - 0x00007ffd8c7e5000 	C:\WINDOWS\System32\RPCRT4.dll
0x00007ffd8d540000 - 0x00007ffd8d548000 	C:\WINDOWS\System32\PSAPI.DLL
0x00007ffd830e0000 - 0x00007ffd830e9000 	C:\WINDOWS\SYSTEM32\WSOCK32.dll
0x00007ffd8c590000 - 0x00007ffd8c5fb000 	C:\WINDOWS\System32\WS2_32.dll
0x00007ffd7b870000 - 0x00007ffd7b897000 	C:\WINDOWS\SYSTEM32\WINMM.dll
0x00007ffd7b6c0000 - 0x00007ffd7b6ca000 	C:\WINDOWS\SYSTEM32\VERSION.dll
0x00007ffd89610000 - 0x00007ffd89622000 	C:\WINDOWS\SYSTEM32\kernel.appcore.dll
0x00007ffd87ec0000 - 0x00007ffd87ed1000 	C:\Program Files\Android\Android Studio\jre\bin\verify.dll
0x00007ffd7d1f0000 - 0x00007ffd7d3d4000 	C:\WINDOWS\SYSTEM32\DBGHELP.DLL
0x00007ffd7d1c0000 - 0x00007ffd7d1ec000 	C:\WINDOWS\SYSTEM32\dbgcore.DLL
0x00007ffd8b150000 - 0x00007ffd8b1d2000 	C:\WINDOWS\System32\bcryptPrimitives.dll
0x00007ffd862a0000 - 0x00007ffd862c9000 	C:\Program Files\Android\Android Studio\jre\bin\java.dll
0x00007ffd87ea0000 - 0x00007ffd87eab000 	C:\Program Files\Android\Android Studio\jre\bin\jimage.dll
0x00007ffd86280000 - 0x00007ffd86298000 	C:\Program Files\Android\Android Studio\jre\bin\zip.dll
0x00007ffd8c810000 - 0x00007ffd8cf53000 	C:\WINDOWS\System32\SHELL32.dll
0x00007ffd888d0000 - 0x00007ffd89061000 	C:\WINDOWS\SYSTEM32\windows.storage.dll
0x00007ffd8b7c0000 - 0x00007ffd8bb14000 	C:\WINDOWS\System32\combase.dll
0x00007ffd8a740000 - 0x00007ffd8a770000 	C:\WINDOWS\SYSTEM32\Wldp.dll
0x00007ffd8c290000 - 0x00007ffd8c33d000 	C:\WINDOWS\System32\SHCORE.dll
0x00007ffd8bf50000 - 0x00007ffd8bfa5000 	C:\WINDOWS\System32\shlwapi.dll
0x00007ffd8ad00000 - 0x00007ffd8ad1f000 	C:\WINDOWS\SYSTEM32\profapi.dll
0x00007ffd86240000 - 0x00007ffd8625a000 	C:\Program Files\Android\Android Studio\jre\bin\net.dll
0x00007ffd81ae0000 - 0x00007ffd81bed000 	C:\WINDOWS\SYSTEM32\WINHTTP.dll
0x00007ffd8a4a0000 - 0x00007ffd8a50a000 	C:\WINDOWS\system32\mswsock.dll
0x00007ffd86220000 - 0x00007ffd86234000 	C:\Program Files\Android\Android Studio\jre\bin\nio.dll
0x00007ffd7e3a0000 - 0x00007ffd7e3c7000 	C:\Users\ayagamal\.gradle\native\e1d6ef7f7dcc3fd88c89a11ec53ec762bb8ba0a96d01ffa2cd45eb1d1d8dd5c5\windows-amd64\native-platform.dll
0x00007ffd67e30000 - 0x00007ffd67f74000 	C:\Users\ayagamal\.gradle\native\0d407fdbe67a94daf76414ababcb853783967236a71b16ec16e742cd7a986fd3\windows-amd64\native-platform-file-events.dll
0x00007ffd86430000 - 0x00007ffd8643a000 	C:\Program Files\Android\Android Studio\jre\bin\management.dll
0x00007ffd86270000 - 0x00007ffd8627d000 	C:\Program Files\Android\Android Studio\jre\bin\management_ext.dll
0x00007ffd8a690000 - 0x00007ffd8a6a8000 	C:\WINDOWS\SYSTEM32\CRYPTSP.dll
0x00007ffd89dc0000 - 0x00007ffd89df4000 	C:\WINDOWS\system32\rsaenh.dll
0x00007ffd8adf0000 - 0x00007ffd8ae17000 	C:\WINDOWS\System32\bcrypt.dll
0x00007ffd8acc0000 - 0x00007ffd8acee000 	C:\WINDOWS\SYSTEM32\USERENV.dll
0x00007ffd8a6b0000 - 0x00007ffd8a6bc000 	C:\WINDOWS\SYSTEM32\CRYPTBASE.dll
0x00007ffd8a190000 - 0x00007ffd8a1cb000 	C:\WINDOWS\SYSTEM32\IPHLPAPI.DLL
0x00007ffd8bc00000 - 0x00007ffd8bc08000 	C:\WINDOWS\System32\NSI.dll
0x00007ffd7fd60000 - 0x00007ffd7fd77000 	C:\WINDOWS\SYSTEM32\dhcpcsvc6.DLL
0x00007ffd80010000 - 0x00007ffd8002d000 	C:\WINDOWS\SYSTEM32\dhcpcsvc.DLL
0x00007ffd8a1d0000 - 0x00007ffd8a29a000 	C:\WINDOWS\SYSTEM32\DNSAPI.dll

dbghelp: loaded successfully - version: 4.0.5 - missing functions: none
symbol engine: initialized successfully - sym options: 0x614 - pdb path: .;C:\Program Files\Android\Android Studio\jre\bin;C:\WINDOWS\SYSTEM32;C:\WINDOWS\WinSxS\amd64_microsoft.windows.common-controls_6595b64144ccf1df_6.0.19041.1110_none_60b5254171f9507e;C:\Program Files\Android\Android Studio\jre\bin\server;C:\Users\ayagamal\.gradle\native\e1d6ef7f7dcc3fd88c89a11ec53ec762bb8ba0a96d01ffa2cd45eb1d1d8dd5c5\windows-amd64;C:\Users\ayagamal\.gradle\native\0d407fdbe67a94daf76414ababcb853783967236a71b16ec16e742cd7a986fd3\windows-amd64

VM Arguments:
jvm_args: --add-opens=java.base/java.util=ALL-UNNAMED --add-opens=java.base/java.lang=ALL-UNNAMED --add-opens=java.base/java.lang.invoke=ALL-UNNAMED --add-opens=java.base/java.util=ALL-UNNAMED --add-opens=java.prefs/java.util.prefs=ALL-UNNAMED --add-opens=java.prefs/java.util.prefs=ALL-UNNAMED --add-opens=java.base/java.nio.charset=ALL-UNNAMED --add-opens=java.base/java.net=ALL-UNNAMED --add-opens=java.base/java.util.concurrent.atomic=ALL-UNNAMED -Xmx2048m -Dfile.encoding=UTF-8 -Duser.country=US -Duser.language=en -Duser.variant 
java_command: org.gradle.launcher.daemon.bootstrap.GradleDaemon 7.4
java_class_path (initial): C:\Users\ayagamal\.gradle\wrapper\dists\gradle-7.4-bin\c0gwcg53nkjbqw7r0h0umtfvt\gradle-7.4\lib\gradle-launcher-7.4.jar
Launcher Type: SUN_STANDARD

[Global flags]
     intx CICompilerCount                          = 3                                         {product} {ergonomic}
     uint ConcGCThreads                            = 1                                         {product} {ergonomic}
     uint G1ConcRefinementThreads                  = 4                                         {product} {ergonomic}
   size_t G1HeapRegionSize                         = 1048576                                   {product} {ergonomic}
    uintx GCDrainStackTargetSize                   = 64                                        {product} {ergonomic}
   size_t InitialHeapSize                          = 132120576                                 {product} {ergonomic}
   size_t MarkStackSize                            = 4194304                                   {product} {ergonomic}
   size_t MaxHeapSize                              = 2147483648                                {product} {command line}
   size_t MaxNewSize                               = 1287651328                                {product} {ergonomic}
   size_t MinHeapDeltaBytes                        = 1048576                                   {product} {ergonomic}
    uintx NonNMethodCodeHeapSize                   = 5830732                                {pd product} {ergonomic}
    uintx NonProfiledCodeHeapSize                  = 122913754                              {pd product} {ergonomic}
    uintx ProfiledCodeHeapSize                     = 122913754                              {pd product} {ergonomic}
    uintx ReservedCodeCacheSize                    = 251658240                              {pd product} {ergonomic}
     bool SegmentedCodeCache                       = true                                      {product} {ergonomic}
     bool UseCompressedClassPointers               = true                                 {lp64_product} {ergonomic}
     bool UseCompressedOops                        = true                                 {lp64_product} {ergonomic}
     bool UseG1GC                                  = true                                      {product} {ergonomic}
     bool UseLargePagesIndividualAllocation        = false                                  {pd product} {ergonomic}

Logging:
Log output configuration:
 #0: stdout all=warning uptime,level,tags
 #1: stderr all=off uptime,level,tags

Environment Variables:
PATH=C:\Program Files\Common Files\Oracle\Java\javapath;C:\Program Files (x86)\Common Files\Oracle\Java\javapath;C:\WINDOWS\system32;C:\WINDOWS;C:\WINDOWS\System32\Wbem;C:\WINDOWS\System32\WindowsPowerShell\v1.0\;C:\WINDOWS\System32\OpenSSH\;C:\Program Files (x86)\GitExtensions\;C:\Program Files\Git\cmd;C:\Program Files\SourceGear\Common\DiffMerge\;C:\Users\ayagamal\AppData\Local\Microsoft\WindowsApps;;C:\Users\tiger\AppData\Local\Programs\Microsoft VS Code\bin
USERNAME=ayagamal
OS=Windows_NT
PROCESSOR_IDENTIFIER=Intel64 Family 6 Model 58 Stepping 9, GenuineIntel



---------------  S Y S T E M  ---------------

OS: Windows 10 , 64 bit Build 19041 (10.0.19041.1889)
OS uptime: 0 days 1:06 hours

CPU:total 4 (initial active 4) (2 cores per cpu, 2 threads per core) family 6 model 58 stepping 9 microcode 0x21, cmov, cx8, fxsr, mmx, sse, sse2, sse3, ssse3, sse4.1, sse4.2, popcnt, avx, aes, clmul, erms, ht, tsc, tscinvbit, tscinv

Memory: 4k page, system-wide physical 8055M (246M free)
TotalPageFile size 20482M (AvailPageFile size 25M)
current process WorkingSet (physical memory assigned to process): 303M, peak: 313M
current process commit charge ("private bytes"): 337M, peak: 363M

vm_info: OpenJDK 64-Bit Server VM (11.0.13+0-b1751.21-8125866) for windows-amd64 JRE (11.0.13+0-b1751.21-8125866), built on Feb  2 2022 03:00:22 by "builder" with MS VC++ 14.0 (VS2015)

END.
